<?xml version="1.0" encoding="UTF-8"?>
<!-- Generated by org.testng.reporters.JUnitXMLReporter -->
<testsuite hostname="OMI" ignored="1" name="Login" tests="1" failures="0" timestamp="23 Nov 2018 17:20:33 GMT" time="15.503" errors="0">
  <testcase name="loginWithValidCredentials" time="5.202" classname="cetera.Automation.tests.MyFirstTest"/>
  <testcase name="loginWithInvalidCredentials" time="0.0" classname="cetera.Automation.tests.MyFirstTest">
    <ignored/>
  </testcase> <!-- loginWithInvalidCredentials -->
</testsuite> <!-- Login -->
