<?xml version="1.0" encoding="UTF-8"?>
<!-- Generated by org.testng.reporters.JUnitXMLReporter -->
<testsuite hostname="DESKTOP-KKNTION" ignored="1" name="Default test" tests="1" failures="0" timestamp="10 Nov 2018 11:56:14 GMT" time="8.503" errors="0">
  <testcase name="loginWithValidCredentialsViral" time="0.045" classname="jameel.banKChalo.tests.MyFirstTest"/>
  <testcase name="loginWithValidCredentials" time="0.0" classname="jameel.banKChalo.tests.MyFirstTest">
    <ignored/>
  </testcase> <!-- loginWithValidCredentials -->
</testsuite> <!-- Default test -->
