<?xml version="1.0" encoding="UTF-8"?>
<!-- Generated by org.testng.reporters.JUnitXMLReporter -->
<testsuite hostname="OMI" ignored="1" name="My Test" tests="1" failures="0" timestamp="25 Oct 2018 16:57:05 GMT" time="23.117" errors="0">
  <testcase name="loginWithValidCredentialsViral" time="6.337" classname="jameel.banKChalo.tests.MyFirstTest"/>
  <testcase name="loginWithValidCredentials" time="0.0" classname="jameel.banKChalo.tests.MyFirstTest">
    <ignored/>
  </testcase> <!-- loginWithValidCredentials -->
</testsuite> <!-- My Test -->
