<?xml version="1.0" encoding="UTF-8"?>
<!-- Generated by org.testng.reporters.JUnitXMLReporter -->
<testsuite hostname="OMI" ignored="0" name="My Test" tests="2" failures="1" timestamp="11 Nov 2018 15:00:05 GMT" time="34.263" errors="0">
  <testcase name="loginWithValidCredentials" time="6.334" classname="jameel.banKChalo.tests.MyFirstTest">
    <failure type="junit.framework.AssertionFailedError">
      <![CDATA[junit.framework.AssertionFailedError
at junit.framework.Assert.fail(Assert.java:47)
at junit.framework.Assert.fail(Assert.java:53)
at jameel.banKChalo.tests.MyFirstTest.loginWithValidCredentials(MyFirstTest.java:26)
at jameel.banKChalo.testUtils.DynamicRunner.createTestRunner(DynamicRunner.java:143)
... Removed 47 stack frames]]>
    </failure>
  </testcase> <!-- loginWithValidCredentials -->
  <testcase name="loginWithValidCredentialsViral" time="6.605" classname="jameel.banKChalo.tests.MyFirstTest"/>
</testsuite> <!-- My Test -->
