<?xml version="1.0" encoding="UTF-8"?>
<!-- Generated by org.testng.reporters.JUnitXMLReporter -->
<testsuite hostname="OMI" ignored="0" name="My Test" tests="2" failures="1" timestamp="18 Nov 2018 13:00:40 GMT" time="160.729" errors="0">
  <testcase name="loginWithValidCredentials" time="19.545" classname="jameel.banKChalo.tests.MyFirstTest">
    <failure type="junit.framework.AssertionFailedError">
      <![CDATA[junit.framework.AssertionFailedError
at junit.framework.Assert.fail(Assert.java:47)
at junit.framework.Assert.fail(Assert.java:53)
at jameel.banKChalo.tests.MyFirstTest.loginWithValidCredentials(MyFirstTest.java:26)
at jameel.banKChalo.testUtils.DynamicRunner.createTestRunner(DynamicRunner.java:133)
... Removed 50 stack frames]]>
    </failure>
  </testcase> <!-- loginWithValidCredentials -->
  <testcase name="loginWithValidCredentialsViral" time="11.872" classname="jameel.banKChalo.tests.MyFirstTest"/>
</testsuite> <!-- My Test -->
