<?xml version="1.0" encoding="UTF-8"?>
<testng-results skipped="0" failed="0" ignored="1" total="2" passed="1">
  <reporter-output>
  </reporter-output>
  <suite name="My Suite" duration-ms="23117" started-at="2018-10-25T16:56:41Z" finished-at="2018-10-25T16:57:04Z">
    <groups>
    </groups>
    <test name="My Test" duration-ms="23117" started-at="2018-10-25T16:56:41Z" finished-at="2018-10-25T16:57:04Z">
      <class name="jameel.banKChalo.tests.MyFirstTest">
        <test-method status="PASS" signature="beforeSuite()[pri:0, instance:jameel.banKChalo.tests.MyFirstTest@204f30ec]" name="beforeSuite" is-config="true" duration-ms="1339" started-at="2018-10-25T22:26:40Z" finished-at="2018-10-25T22:26:41Z">
          <reporter-output>
          </reporter-output>
        </test-method> <!-- beforeSuite -->
        <test-method status="PASS" signature="beforeClass()[pri:0, instance:jameel.banKChalo.tests.MyFirstTest@204f30ec]" name="beforeClass" is-config="true" duration-ms="0" started-at="2018-10-25T22:26:41Z" finished-at="2018-10-25T22:26:41Z">
          <reporter-output>
          </reporter-output>
        </test-method> <!-- beforeClass -->
        <test-method status="PASS" signature="beforeMethod(java.lang.reflect.Method)[pri:0, instance:jameel.banKChalo.tests.MyFirstTest@204f30ec]" name="beforeMethod" is-config="true" duration-ms="15228" started-at="2018-10-25T22:26:42Z" finished-at="2018-10-25T22:26:57Z">
          <params>
            <param index="0">
              <value>
                <![CDATA[public void jameel.banKChalo.tests.MyFirstTest.loginWithValidCredentialsViral(java.util.HashMap)]]>
              </value>
            </param>
          </params>
          <reporter-output>
          </reporter-output>
        </test-method> <!-- beforeMethod -->
        <test-method status="PASS" signature="loginWithValidCredentialsViral(java.util.HashMap)[pri:0, instance:jameel.banKChalo.tests.MyFirstTest@204f30ec]" name="loginWithValidCredentialsViral" duration-ms="6337" started-at="2018-10-25T22:26:57Z" data-provider="dataProviderViral" finished-at="2018-10-25T22:27:03Z">
          <params>
            <param index="0">
              <value>
                <![CDATA[{PASSWORD=mercury, SERVICE_CLASS=Business, TRIP_TYPE=OneWay, TestCaseID=0123-4567-8888, USERNAME=mercury, TestCaseName=iPhone}]]>
              </value>
            </param>
          </params>
          <reporter-output>
          </reporter-output>
        </test-method> <!-- loginWithValidCredentialsViral -->
        <test-method status="PASS" signature="afterMethod(java.lang.reflect.Method, org.testng.ITestResult)[pri:0, instance:jameel.banKChalo.tests.MyFirstTest@204f30ec]" name="afterMethod" is-config="true" duration-ms="1376" started-at="2018-10-25T22:27:03Z" finished-at="2018-10-25T22:27:04Z">
          <params>
            <param index="0">
              <value>
                <![CDATA[public void jameel.banKChalo.tests.MyFirstTest.loginWithValidCredentialsViral(java.util.HashMap)]]>
              </value>
            </param>
            <param index="1">
              <value>
                <![CDATA[[TestResult name=loginWithValidCredentialsViral status=SUCCESS method=MyFirstTest.loginWithValidCredentialsViral(java.util.HashMap)[pri:0, instance:jameel.banKChalo.tests.MyFirstTest@204f30ec] output={null}]]]>
              </value>
            </param>
          </params>
          <reporter-output>
          </reporter-output>
        </test-method> <!-- afterMethod -->
      </class> <!-- jameel.banKChalo.tests.MyFirstTest -->
    </test> <!-- My Test -->
  </suite> <!-- My Suite -->
</testng-results>
