<?xml version="1.0" encoding="UTF-8"?>
<testng-results skipped="0" failed="0" ignored="1" total="2" passed="1">
  <reporter-output>
  </reporter-output>
  <suite name="Default suite" duration-ms="18273" started-at="2018-11-09T12:46:16Z" finished-at="2018-11-09T12:46:35Z">
    <groups>
    </groups>
    <test name="Default test" duration-ms="18273" started-at="2018-11-09T12:46:16Z" finished-at="2018-11-09T12:46:35Z">
      <class name="jameel.banKChalo.tests.MyFirstTest">
        <test-method status="PASS" signature="beforeSuite()[pri:0, instance:jameel.banKChalo.tests.MyFirstTest@343f4d3d]" name="beforeSuite" is-config="true" duration-ms="407" started-at="2018-11-09T18:16:16Z" finished-at="2018-11-09T18:16:16Z">
          <reporter-output>
          </reporter-output>
        </test-method> <!-- beforeSuite -->
        <test-method status="PASS" signature="beforeClass()[pri:0, instance:jameel.banKChalo.tests.MyFirstTest@343f4d3d]" name="beforeClass" is-config="true" duration-ms="5" started-at="2018-11-09T18:16:16Z" finished-at="2018-11-09T18:16:16Z">
          <reporter-output>
          </reporter-output>
        </test-method> <!-- beforeClass -->
        <test-method status="PASS" signature="beforeMethod(java.lang.reflect.Method)[pri:0, instance:jameel.banKChalo.tests.MyFirstTest@343f4d3d]" name="beforeMethod" is-config="true" duration-ms="7774" started-at="2018-11-09T18:16:16Z" finished-at="2018-11-09T18:16:24Z">
          <params>
            <param index="0">
              <value>
                <![CDATA[public void jameel.banKChalo.tests.MyFirstTest.loginWithValidCredentialsViral(java.util.HashMap)]]>
              </value>
            </param>
          </params>
          <reporter-output>
          </reporter-output>
        </test-method> <!-- beforeMethod -->
        <test-method status="PASS" signature="loginWithValidCredentialsViral(java.util.HashMap)[pri:0, instance:jameel.banKChalo.tests.MyFirstTest@343f4d3d]" name="loginWithValidCredentialsViral" duration-ms="6470" started-at="2018-11-09T18:16:24Z" data-provider="dataProviderViral" finished-at="2018-11-09T18:16:31Z">
          <params>
            <param index="0">
              <value>
                <![CDATA[{PASSWORD=mercury, SERVICE_CLASS=Business, TRIP_TYPE=OneWay, TestCaseID=0123-4567-8888, USERNAME=mercury, TestCaseName=iPhone}]]>
              </value>
            </param>
          </params>
          <reporter-output>
          </reporter-output>
        </test-method> <!-- loginWithValidCredentialsViral -->
        <test-method status="PASS" signature="afterMethod(java.lang.reflect.Method, org.testng.ITestResult)[pri:0, instance:jameel.banKChalo.tests.MyFirstTest@343f4d3d]" name="afterMethod" is-config="true" duration-ms="1523" started-at="2018-11-09T18:16:33Z" finished-at="2018-11-09T18:16:35Z">
          <params>
            <param index="0">
              <value>
                <![CDATA[public void jameel.banKChalo.tests.MyFirstTest.loginWithValidCredentialsViral(java.util.HashMap)]]>
              </value>
            </param>
            <param index="1">
              <value>
                <![CDATA[[TestResult name=loginWithValidCredentialsViral status=SUCCESS method=MyFirstTest.loginWithValidCredentialsViral(java.util.HashMap)[pri:0, instance:jameel.banKChalo.tests.MyFirstTest@343f4d3d] output={null}]]]>
              </value>
            </param>
          </params>
          <reporter-output>
          </reporter-output>
        </test-method> <!-- afterMethod -->
      </class> <!-- jameel.banKChalo.tests.MyFirstTest -->
    </test> <!-- Default test -->
  </suite> <!-- Default suite -->
</testng-results>
