<?xml version="1.0" encoding="UTF-8"?>
<testng-results skipped="0" failed="0" ignored="0" total="1" passed="1">
  <reporter-output>
  </reporter-output>
  <suite name="Default suite" duration-ms="16341" started-at="2018-10-20T20:26:55Z" finished-at="2018-10-20T20:27:11Z">
    <groups>
    </groups>
    <test name="Default test" duration-ms="16341" started-at="2018-10-20T20:26:55Z" finished-at="2018-10-20T20:27:11Z">
      <class name="jameel.banKChalo.tests.MyFirstTest">
        <test-method status="PASS" signature="beforeSuite()[pri:0, instance:jameel.banKChalo.tests.MyFirstTest@7cd62f43]" name="beforeSuite" is-config="true" duration-ms="479" started-at="2018-10-21T01:56:55Z" finished-at="2018-10-21T01:56:55Z">
          <reporter-output>
          </reporter-output>
        </test-method> <!-- beforeSuite -->
        <test-method status="PASS" signature="beforeClass()[pri:0, instance:jameel.banKChalo.tests.MyFirstTest@7cd62f43]" name="beforeClass" is-config="true" duration-ms="16" started-at="2018-10-21T01:56:55Z" finished-at="2018-10-21T01:56:55Z">
          <reporter-output>
          </reporter-output>
        </test-method> <!-- beforeClass -->
        <test-method status="PASS" signature="beforeMethod(java.lang.reflect.Method)[pri:0, instance:jameel.banKChalo.tests.MyFirstTest@7cd62f43]" name="beforeMethod" is-config="true" duration-ms="7804" started-at="2018-10-21T01:56:56Z" finished-at="2018-10-21T01:57:04Z">
          <params>
            <param index="0">
              <value>
                <![CDATA[public void jameel.banKChalo.tests.MyFirstTest.loginWithValidCredentials(java.util.Hashtable)]]>
              </value>
            </param>
          </params>
          <reporter-output>
          </reporter-output>
        </test-method> <!-- beforeMethod -->
        <test-method status="PASS" signature="loginWithValidCredentials(java.util.Hashtable)[pri:0, instance:jameel.banKChalo.tests.MyFirstTest@7cd62f43]" name="loginWithValidCredentials" duration-ms="6466" started-at="2018-10-21T01:57:04Z" data-provider="dataProvider" finished-at="2018-10-21T01:57:10Z">
          <params>
            <param index="0">
              <value>
                <![CDATA[{TC_ID=loginWithValidCredentials, TRIP_TYPE=OneWay, USERNAME=mercury, SERVICE_CLASS=Business, PASSWORD=mercury}]]>
              </value>
            </param>
          </params>
          <reporter-output>
          </reporter-output>
        </test-method> <!-- loginWithValidCredentials -->
        <test-method status="PASS" signature="afterMethod(java.lang.reflect.Method, org.testng.ITestResult)[pri:0, instance:jameel.banKChalo.tests.MyFirstTest@7cd62f43]" name="afterMethod" is-config="true" duration-ms="1200" started-at="2018-10-21T01:57:10Z" finished-at="2018-10-21T01:57:11Z">
          <params>
            <param index="0">
              <value>
                <![CDATA[public void jameel.banKChalo.tests.MyFirstTest.loginWithValidCredentials(java.util.Hashtable)]]>
              </value>
            </param>
            <param index="1">
              <value>
                <![CDATA[[TestResult name=loginWithValidCredentials status=SUCCESS method=MyFirstTest.loginWithValidCredentials(java.util.Hashtable)[pri:0, instance:jameel.banKChalo.tests.MyFirstTest@7cd62f43] output={null}]]]>
              </value>
            </param>
          </params>
          <reporter-output>
          </reporter-output>
        </test-method> <!-- afterMethod -->
      </class> <!-- jameel.banKChalo.tests.MyFirstTest -->
    </test> <!-- Default test -->
  </suite> <!-- Default suite -->
</testng-results>
