<?xml version="1.0" encoding="UTF-8"?>
<testng-results skipped="0" failed="0" ignored="0" total="1" passed="1">
  <reporter-output>
  </reporter-output>
  <suite name="Default suite" duration-ms="75001" started-at="2018-11-20T10:50:05Z" finished-at="2018-11-20T10:51:20Z">
    <groups>
    </groups>
    <test name="Default test" duration-ms="75001" started-at="2018-11-20T10:50:05Z" finished-at="2018-11-20T10:51:20Z">
      <class name="cetera.Automation.testUtils.DynamicRunner">
        <test-method status="PASS" signature="createTestRunner()[pri:0, instance:cetera.Automation.testUtils.DynamicRunner@7a9273a8]" name="createTestRunner" duration-ms="75001" started-at="2018-11-20T10:50:05Z" finished-at="2018-11-20T10:51:20Z">
          <reporter-output>
          </reporter-output>
        </test-method> <!-- createTestRunner -->
      </class> <!-- cetera.Automation.testUtils.DynamicRunner -->
    </test> <!-- Default test -->
  </suite> <!-- Default suite -->
</testng-results>
