<?xml version="1.0" encoding="UTF-8"?>
<testng-results skipped="0" failed="0" ignored="0" total="1" passed="1">
  <reporter-output>
  </reporter-output>
  <suite name="Default suite" duration-ms="32883" started-at="2018-11-11T11:56:50Z" finished-at="2018-11-11T11:57:23Z">
    <groups>
    </groups>
    <test name="Default test" duration-ms="32883" started-at="2018-11-11T11:56:50Z" finished-at="2018-11-11T11:57:23Z">
      <class name="jameel.banKChalo.testUtils.DynamicRunner">
        <test-method status="PASS" signature="createTestRunner()[pri:0, instance:jameel.banKChalo.testUtils.DynamicRunner@46daef40]" name="createTestRunner" duration-ms="32852" started-at="2018-11-11T11:56:50Z" finished-at="2018-11-11T11:57:23Z">
          <reporter-output>
          </reporter-output>
        </test-method> <!-- createTestRunner -->
      </class> <!-- jameel.banKChalo.testUtils.DynamicRunner -->
    </test> <!-- Default test -->
  </suite> <!-- Default suite -->
</testng-results>
