<?xml version="1.0" encoding="UTF-8"?>
<testng-results skipped="0" failed="0" ignored="0" total="2" passed="2">
  <reporter-output>
  </reporter-output>
  <suite name="Default suite" duration-ms="38984" started-at="2018-10-21T13:10:09Z" finished-at="2018-10-21T13:10:48Z">
    <groups>
    </groups>
    <test name="Default test" duration-ms="38984" started-at="2018-10-21T13:10:09Z" finished-at="2018-10-21T13:10:48Z">
      <class name="jameel.banKChalo.tests.MyFirstTest">
        <test-method status="PASS" signature="beforeSuite()[pri:0, instance:jameel.banKChalo.tests.MyFirstTest@548e7350]" name="beforeSuite" is-config="true" duration-ms="511" started-at="2018-10-21T18:40:09Z" finished-at="2018-10-21T18:40:09Z">
          <reporter-output>
          </reporter-output>
        </test-method> <!-- beforeSuite -->
        <test-method status="PASS" signature="beforeClass()[pri:0, instance:jameel.banKChalo.tests.MyFirstTest@548e7350]" name="beforeClass" is-config="true" duration-ms="15" started-at="2018-10-21T18:40:09Z" finished-at="2018-10-21T18:40:09Z">
          <reporter-output>
          </reporter-output>
        </test-method> <!-- beforeClass -->
        <test-method status="PASS" signature="beforeMethod(java.lang.reflect.Method)[pri:0, instance:jameel.banKChalo.tests.MyFirstTest@548e7350]" name="beforeMethod" is-config="true" duration-ms="7753" started-at="2018-10-21T18:40:10Z" finished-at="2018-10-21T18:40:18Z">
          <params>
            <param index="0">
              <value>
                <![CDATA[public void jameel.banKChalo.tests.MyFirstTest.loginWithValidCredentials(java.util.Hashtable)]]>
              </value>
            </param>
          </params>
          <reporter-output>
          </reporter-output>
        </test-method> <!-- beforeMethod -->
        <test-method status="PASS" signature="loginWithValidCredentials(java.util.Hashtable)[pri:0, instance:jameel.banKChalo.tests.MyFirstTest@548e7350]" name="loginWithValidCredentials" duration-ms="7731" started-at="2018-10-21T18:40:18Z" data-provider="dataProviderOmi" finished-at="2018-10-21T18:40:25Z">
          <params>
            <param index="0">
              <value>
                <![CDATA[{TC_ID=loginWithValidCredentials, TRIP_TYPE=OneWay, USERNAME=mercury, SERVICE_CLASS=Business, PASSWORD=mercury}]]>
              </value>
            </param>
          </params>
          <reporter-output>
          </reporter-output>
        </test-method> <!-- loginWithValidCredentials -->
        <test-method status="PASS" signature="afterMethod(java.lang.reflect.Method, org.testng.ITestResult)[pri:0, instance:jameel.banKChalo.tests.MyFirstTest@548e7350]" name="afterMethod" is-config="true" duration-ms="1933" started-at="2018-10-21T18:40:25Z" finished-at="2018-10-21T18:40:27Z">
          <params>
            <param index="0">
              <value>
                <![CDATA[public void jameel.banKChalo.tests.MyFirstTest.loginWithValidCredentials(java.util.Hashtable)]]>
              </value>
            </param>
            <param index="1">
              <value>
                <![CDATA[[TestResult name=loginWithValidCredentials status=SUCCESS method=MyFirstTest.loginWithValidCredentials(java.util.Hashtable)[pri:0, instance:jameel.banKChalo.tests.MyFirstTest@548e7350] output={null}]]]>
              </value>
            </param>
          </params>
          <reporter-output>
          </reporter-output>
        </test-method> <!-- afterMethod -->
        <test-method status="PASS" signature="beforeMethod(java.lang.reflect.Method)[pri:0, instance:jameel.banKChalo.tests.MyFirstTest@548e7350]" name="beforeMethod" is-config="true" duration-ms="13621" started-at="2018-10-21T18:40:27Z" finished-at="2018-10-21T18:40:41Z">
          <params>
            <param index="0">
              <value>
                <![CDATA[public void jameel.banKChalo.tests.MyFirstTest.loginWithValidCredentialsViral(java.util.HashMap)]]>
              </value>
            </param>
          </params>
          <reporter-output>
          </reporter-output>
        </test-method> <!-- beforeMethod -->
        <test-method status="PASS" signature="loginWithValidCredentialsViral(java.util.HashMap)[pri:0, instance:jameel.banKChalo.tests.MyFirstTest@548e7350]" name="loginWithValidCredentialsViral" duration-ms="6231" started-at="2018-10-21T18:40:41Z" data-provider="dataProviderViral" finished-at="2018-10-21T18:40:47Z">
          <params>
            <param index="0">
              <value>
                <![CDATA[{PASSWORD=mercury, SERVICE_CLASS=Business, TRIP_TYPE=OneWay, TestCaseID=0123-4567-8888, USERNAME=mercury, TestCaseName=iPhone}]]>
              </value>
            </param>
          </params>
          <reporter-output>
          </reporter-output>
        </test-method> <!-- loginWithValidCredentialsViral -->
        <test-method status="PASS" signature="afterMethod(java.lang.reflect.Method, org.testng.ITestResult)[pri:0, instance:jameel.banKChalo.tests.MyFirstTest@548e7350]" name="afterMethod" is-config="true" duration-ms="803" started-at="2018-10-21T18:40:47Z" finished-at="2018-10-21T18:40:48Z">
          <params>
            <param index="0">
              <value>
                <![CDATA[public void jameel.banKChalo.tests.MyFirstTest.loginWithValidCredentialsViral(java.util.HashMap)]]>
              </value>
            </param>
            <param index="1">
              <value>
                <![CDATA[[TestResult name=loginWithValidCredentialsViral status=SUCCESS method=MyFirstTest.loginWithValidCredentialsViral(java.util.HashMap)[pri:0, instance:jameel.banKChalo.tests.MyFirstTest@548e7350] output={null}]]]>
              </value>
            </param>
          </params>
          <reporter-output>
          </reporter-output>
        </test-method> <!-- afterMethod -->
      </class> <!-- jameel.banKChalo.tests.MyFirstTest -->
    </test> <!-- Default test -->
  </suite> <!-- Default suite -->
</testng-results>
