<?xml version="1.0" encoding="UTF-8"?>
<testng-results skipped="0" failed="0" ignored="0" total="1" passed="1">
  <reporter-output>
  </reporter-output>
  <suite name="Default suite" duration-ms="18387" started-at="2018-10-17T14:16:38Z" finished-at="2018-10-17T14:16:56Z">
    <groups>
    </groups>
    <test name="Default test" duration-ms="18387" started-at="2018-10-17T14:16:38Z" finished-at="2018-10-17T14:16:56Z">
      <class name="jameel.banKChalo.baseSetup.InitialTest">
        <test-method status="PASS" signature="beforeTest()[pri:0, instance:jameel.banKChalo.baseSetup.InitialTest@4501b7af]" name="beforeTest" is-config="true" duration-ms="10985" started-at="2018-10-17T19:46:38Z" finished-at="2018-10-17T19:46:49Z">
          <reporter-output>
          </reporter-output>
        </test-method> <!-- beforeTest -->
        <test-method status="PASS" signature="test1()[pri:0, instance:jameel.banKChalo.baseSetup.InitialTest@4501b7af]" name="test1" duration-ms="7320" started-at="2018-10-17T19:46:49Z" finished-at="2018-10-17T19:46:56Z">
          <reporter-output>
          </reporter-output>
        </test-method> <!-- test1 -->
      </class> <!-- jameel.banKChalo.baseSetup.InitialTest -->
    </test> <!-- Default test -->
  </suite> <!-- Default suite -->
</testng-results>
