<?xml version="1.0" encoding="UTF-8"?>
<testng-results skipped="0" failed="1" ignored="1" total="3" passed="1">
  <reporter-output>
  </reporter-output>
  <suite name="Default suite" duration-ms="18835" started-at="2018-10-18T16:15:14Z" finished-at="2018-10-18T16:15:33Z">
    <groups>
    </groups>
    <test name="Default test" duration-ms="18835" started-at="2018-10-18T16:15:14Z" finished-at="2018-10-18T16:15:33Z">
      <class name="jameel.banKChalo.baseSetup.InitialTest">
        <test-method status="PASS" signature="beforeSuite()[pri:0, instance:jameel.banKChalo.baseSetup.InitialTest@1e88b3c]" name="beforeSuite" is-config="true" duration-ms="467" started-at="2018-10-18T21:45:14Z" finished-at="2018-10-18T21:45:14Z">
          <reporter-output>
          </reporter-output>
        </test-method> <!-- beforeSuite -->
        <test-method status="PASS" signature="beforeClass()[pri:0, instance:jameel.banKChalo.baseSetup.InitialTest@1e88b3c]" name="beforeClass" is-config="true" duration-ms="4" started-at="2018-10-18T21:45:14Z" finished-at="2018-10-18T21:45:14Z">
          <reporter-output>
          </reporter-output>
        </test-method> <!-- beforeClass -->
        <test-method status="PASS" signature="beforeMethod(java.lang.reflect.Method)[pri:0, instance:jameel.banKChalo.baseSetup.InitialTest@1e88b3c]" name="beforeMethod" is-config="true" duration-ms="4378" started-at="2018-10-18T21:45:14Z" finished-at="2018-10-18T21:45:18Z">
          <params>
            <param index="0">
              <value>
                <![CDATA[public void jameel.banKChalo.baseSetup.InitialTest.test1()]]>
              </value>
            </param>
          </params>
          <reporter-output>
          </reporter-output>
        </test-method> <!-- beforeMethod -->
        <test-method status="PASS" signature="test1()[pri:0, instance:jameel.banKChalo.baseSetup.InitialTest@1e88b3c]" name="test1" duration-ms="2501" started-at="2018-10-18T21:45:18Z" finished-at="2018-10-18T21:45:21Z">
          <reporter-output>
          </reporter-output>
        </test-method> <!-- test1 -->
        <test-method status="PASS" signature="afterMethod()[pri:0, instance:jameel.banKChalo.baseSetup.InitialTest@1e88b3c]" name="afterMethod" is-config="true" duration-ms="1195" started-at="2018-10-18T21:45:21Z" finished-at="2018-10-18T21:45:22Z">
          <reporter-output>
          </reporter-output>
        </test-method> <!-- afterMethod -->
        <test-method status="PASS" signature="beforeMethod(java.lang.reflect.Method)[pri:0, instance:jameel.banKChalo.baseSetup.InitialTest@1e88b3c]" name="beforeMethod" is-config="true" duration-ms="3183" started-at="2018-10-18T21:45:22Z" finished-at="2018-10-18T21:45:25Z">
          <params>
            <param index="0">
              <value>
                <![CDATA[public void jameel.banKChalo.baseSetup.InitialTest.test2()]]>
              </value>
            </param>
          </params>
          <reporter-output>
          </reporter-output>
        </test-method> <!-- beforeMethod -->
        <test-method status="FAIL" signature="test2()[pri:0, instance:jameel.banKChalo.baseSetup.InitialTest@1e88b3c]" name="test2" duration-ms="5926" started-at="2018-10-18T21:45:25Z" finished-at="2018-10-18T21:45:31Z">
          <exception class="junit.framework.AssertionFailedError">
            <full-stacktrace>
              <![CDATA[junit.framework.AssertionFailedError
	at junit.framework.Assert.fail(Assert.java:47)
	at junit.framework.Assert.fail(Assert.java:53)
	at jameel.banKChalo.baseSetup.InitialTest.test2(InitialTest.java:64)
	at sun.reflect.NativeMethodAccessorImpl.invoke0(Native Method)
	at sun.reflect.NativeMethodAccessorImpl.invoke(NativeMethodAccessorImpl.java:62)
	at sun.reflect.DelegatingMethodAccessorImpl.invoke(DelegatingMethodAccessorImpl.java:43)
	at java.lang.reflect.Method.invoke(Method.java:498)
	at org.testng.internal.MethodInvocationHelper.invokeMethod(MethodInvocationHelper.java:108)
	at org.testng.internal.Invoker.invokeMethod(Invoker.java:661)
	at org.testng.internal.Invoker.invokeTestMethod(Invoker.java:869)
	at org.testng.internal.Invoker.invokeTestMethods(Invoker.java:1193)
	at org.testng.internal.TestMethodWorker.invokeTestMethods(TestMethodWorker.java:126)
	at org.testng.internal.TestMethodWorker.run(TestMethodWorker.java:109)
	at org.testng.TestRunner.privateRun(TestRunner.java:744)
	at org.testng.TestRunner.run(TestRunner.java:602)
	at org.testng.SuiteRunner.runTest(SuiteRunner.java:380)
	at org.testng.SuiteRunner.runSequentially(SuiteRunner.java:375)
	at org.testng.SuiteRunner.privateRun(SuiteRunner.java:340)
	at org.testng.SuiteRunner.run(SuiteRunner.java:289)
	at org.testng.SuiteRunnerWorker.runSuite(SuiteRunnerWorker.java:52)
	at org.testng.SuiteRunnerWorker.run(SuiteRunnerWorker.java:86)
	at org.testng.TestNG.runSuitesSequentially(TestNG.java:1301)
	at org.testng.TestNG.runSuitesLocally(TestNG.java:1226)
	at org.testng.TestNG.runSuites(TestNG.java:1144)
	at org.testng.TestNG.run(TestNG.java:1115)
	at org.testng.remote.AbstractRemoteTestNG.run(AbstractRemoteTestNG.java:132)
	at org.testng.remote.RemoteTestNG.initAndRun(RemoteTestNG.java:230)
	at org.testng.remote.RemoteTestNG.main(RemoteTestNG.java:76)
]]>
            </full-stacktrace>
          </exception> <!-- junit.framework.AssertionFailedError -->
          <reporter-output>
          </reporter-output>
        </test-method> <!-- test2 -->
        <test-method status="PASS" signature="afterMethod()[pri:0, instance:jameel.banKChalo.baseSetup.InitialTest@1e88b3c]" name="afterMethod" is-config="true" duration-ms="1135" started-at="2018-10-18T21:45:32Z" finished-at="2018-10-18T21:45:33Z">
          <reporter-output>
          </reporter-output>
        </test-method> <!-- afterMethod -->
      </class> <!-- jameel.banKChalo.baseSetup.InitialTest -->
    </test> <!-- Default test -->
  </suite> <!-- Default suite -->
</testng-results>
